<?xml version="1.0" encoding="UTF-8"?>
<!-- Generated by org.testng.reporters.JUnitXMLReporter -->
<testsuite ignored="0" hostname="vinod" failures="1" tests="1" name="Test" time="21.809" errors="0" timestamp="2024-02-23T15:23:02 IST">
  <testcase classname="TestNG.TestCase2" name="login" time="9.732">
    <failure type="java.lang.AssertionError" message="The following asserts failed:
	expected [Dashboard] but found [Dashboar]">
      <![CDATA[java.lang.AssertionError: The following asserts failed:
expected [Dashboard] but found [Dashboar]
at TestNG.TestCase2.login(TestCase2.java:37)
at java.base/java.util.ArrayList.forEach(ArrayList.java:1596)
... Removed 27 stack frames]]>
    </failure>
  </testcase> <!-- login -->
</testsuite> <!-- Test -->
